[2024-11-21T13:12:59.767718+00:00] main.ERROR: Laminas\Mail\Transport\Exception\RuntimeException: Unable to send mail: Unknown error in /var/www/html/vendor/laminas/laminas-mail/src/Transport/Sendmail.php:313
Stack trace:
#0 /var/www/html/vendor/laminas/laminas-mail/src/Transport/Sendmail.php(150): Laminas\Mail\Transport\Sendmail->mailHandler('=?utf-8?Q?Jar=2...', '=?UTF-8?Q?Your=...', '<!DOCTYPE html ...', 'Date: Thu, 21 N...', ' -f'sales@examp...')
#1 /var/www/html/vendor/magento/module-email/Model/Transport.php(183): Laminas\Mail\Transport\Sendmail->send(Object(Laminas\Mail\Message))
#2 /var/www/html/vendor/magento/framework/Interception/Interceptor.php(58): Magento\Email\Model\Transport->sendMessage()
#3 /var/www/html/vendor/magento/framework/Interception/Interceptor.php(138): Magento\Email\Model\Transport\Interceptor->___callParent('sendMessage', Array)
#4 /var/www/html/vendor/magento/module-email/Model/Mail/TransportInterfacePlugin.php(48): Magento\Email\Model\Transport\Interceptor->Magento\Framework\Interception\{closure}()
#5 /var/www/html/vendor/magento/framework/Interception/Interceptor.php(135): Magento\Email\Model\Mail\TransportInterfacePlugin->aroundSendMessage(Object(Magento\Email\Model\Transport\Interceptor), Object(Closure))
#6 /var/www/html/vendor/magento/framework/Interception/Interceptor.php(153): Magento\Email\Model\Transport\Interceptor->Magento\Framework\Interception\{closure}()
#7 /var/www/html/generated/code/Magento/Email/Model/Transport/Interceptor.php(23): Magento\Email\Model\Transport\Interceptor->___callPlugins('sendMessage', Array, NULL)
#8 /var/www/html/vendor/magento/module-sales/Model/Order/Email/SenderBuilder.php(75): Magento\Email\Model\Transport\Interceptor->sendMessage()
#9 /var/www/html/vendor/magento/module-sales/Model/Order/Email/Sender.php(86): Magento\Sales\Model\Order\Email\SenderBuilder->send()
#10 /var/www/html/vendor/magento/module-sales/Model/Order/Email/Sender/OrderSender.php(108): Magento\Sales\Model\Order\Email\Sender->checkAndSend(Object(Magento\Sales\Model\Order\Interceptor))
#11 /var/www/html/vendor/magento/module-quote/Observer/SubmitObserver.php(62): Magento\Sales\Model\Order\Email\Sender\OrderSender->send(Object(Magento\Sales\Model\Order\Interceptor))
#12 /var/www/html/generated/code/Magento/Quote/Observer/SubmitObserver/Interceptor.php(23): Magento\Quote\Observer\SubmitObserver->execute(Object(Magento\Framework\Event\Observer))
#13 /var/www/html/vendor/magento/framework/Event/Invoker/InvokerDefault.php(88): Magento\Quote\Observer\SubmitObserver\Interceptor->execute(Object(Magento\Framework\Event\Observer))
#14 /var/www/html/vendor/magento/framework/Event/Invoker/InvokerDefault.php(74): Magento\Framework\Event\Invoker\InvokerDefault->_callObserverMethod(Object(Magento\Quote\Observer\SubmitObserver\Interceptor), Object(Magento\Framework\Event\Observer))
#15 /var/www/html/vendor/magento/framework/Event/Manager.php(65): Magento\Framework\Event\Invoker\InvokerDefault->dispatch(Array, Object(Magento\Framework\Event\Observer))
#16 /var/www/html/generated/code/Magento/Framework/Event/Manager/Proxy.php(105): Magento\Framework\Event\Manager->dispatch('sales_model_ser...', Array)
#17 /var/www/html/vendor/magento/module-quote/Model/QuoteManagement.php(630): Magento\Framework\Event\Manager\Proxy->dispatch('sales_model_ser...', Array)
#18 /var/www/html/vendor/magento/module-quote/Model/QuoteManagement.php(501): Magento\Quote\Model\QuoteManagement->submitQuote(Object(Magento\Quote\Model\Quote\Interceptor), Array)
#19 /var/www/html/vendor/magento/framework/Interception/Interceptor.php(58): Magento\Quote\Model\QuoteManagement->submit(Object(Magento\Quote\Model\Quote\Interceptor), Array)
#20 /var/www/html/vendor/magento/framework/Interception/Interceptor.php(138): Magento\Quote\Model\QuoteManagement\Interceptor->___callParent('submit', Array)
#21 /var/www/html/vendor/magento/module-sales-rule/Plugin/CouponUsagesIncrement.php(54): Magento\Quote\Model\QuoteManagement\Interceptor->Magento\Framework\Interception\{closure}(Object(Magento\Quote\Model\Quote\Interceptor), Array)
#22 /var/www/html/vendor/magento/framework/Interception/Interceptor.php(135): Magento\SalesRule\Plugin\CouponUsagesIncrement->aroundSubmit(Object(Magento\Quote\Model\QuoteManagement\Interceptor), Object(Closure), Object(Magento\Quote\Model\Quote\Interceptor))
#23 /var/www/html/vendor/magento/framework/Interception/Interceptor.php(153): Magento\Quote\Model\QuoteManagement\Interceptor->Magento\Framework\Interception\{closure}(Object(Magento\Quote\Model\Quote\Interceptor))
#24 /var/www/html/generated/code/Magento/Quote/Model/QuoteManagement/Interceptor.php(32): Magento\Quote\Model\QuoteManagement\Interceptor->___callPlugins('submit', Array, NULL)
#25 /var/www/html/vendor/magento/module-quote/Model/QuoteManagement.php(459): Magento\Quote\Model\QuoteManagement\Interceptor->submit(Object(Magento\Quote\Model\Quote\Interceptor))
#26 /var/www/html/vendor/magento/framework/Interception/Interceptor.php(58): Magento\Quote\Model\QuoteManagement->placeOrder(1, NULL)
#27 /var/www/html/vendor/magento/framework/Interception/Interceptor.php(138): Magento\Quote\Model\QuoteManagement\Interceptor->___callParent('placeOrder', Array)
#28 /var/www/html/vendor/paypal/module-braintree-core/Plugin/OrderCancellation.php(64): Magento\Quote\Model\QuoteManagement\Interceptor->Magento\Framework\Interception\{closure}(1, NULL)
#29 /var/www/html/vendor/magento/framework/Interception/Interceptor.php(135): PayPal\Braintree\Plugin\OrderCancellation->aroundPlaceOrder(Object(Magento\Quote\Model\QuoteManagement\Interceptor), Object(Closure), 1, NULL)
#30 /var/www/html/vendor/magento/framework/Interception/Interceptor.php(153): Magento\Quote\Model\QuoteManagement\Interceptor->Magento\Framework\Interception\{closure}('1', NULL)
#31 /var/www/html/generated/code/Magento/Quote/Model/QuoteManagement/Interceptor.php(23): Magento\Quote\Model\QuoteManagement\Interceptor->___callPlugins('placeOrder', Array, Array)
#32 /var/www/html/vendor/magento/module-quote/Model/GuestCart/GuestCartManagement.php(87): Magento\Quote\Model\QuoteManagement\Interceptor->placeOrder('1', NULL)
#33 /var/www/html/vendor/magento/framework/Interception/Interceptor.php(58): Magento\Quote\Model\GuestCart\GuestCartManagement->placeOrder('GZpQqURgb5qtNrK...')
#34 /var/www/html/vendor/magento/framework/Interception/Interceptor.php(138): Magento\Quote\Model\GuestCart\GuestCartManagement\Interceptor->___callParent('placeOrder', Array)
#35 /var/www/html/vendor/magento/framework/Interception/Interceptor.php(153): Magento\Quote\Model\GuestCart\GuestCartManagement\Interceptor->Magento\Framework\Interception\{closure}('GZpQqURgb5qtNrK...')
#36 /var/www/html/generated/code/Magento/Quote/Model/GuestCart/GuestCartManagement/Interceptor.php(32): Magento\Quote\Model\GuestCart\GuestCartManagement\Interceptor->___callPlugins('placeOrder', Array, Array)
#37 /var/www/html/vendor/magento/module-checkout/Model/GuestPaymentInformationManagement.php(142): Magento\Quote\Model\GuestCart\GuestCartManagement\Interceptor->placeOrder('GZpQqURgb5qtNrK...')
#38 /var/www/html/vendor/magento/framework/Interception/Interceptor.php(58): Magento\Checkout\Model\GuestPaymentInformationManagement->savePaymentInformationAndPlaceOrder('GZpQqURgb5qtNrK...', 'jarkos@sez.cz', Object(Magento\Quote\Model\Quote\Payment), Object(Magento\Quote\Model\Quote\Address\Interceptor))
#39 /var/www/html/vendor/magento/framework/Interception/Interceptor.php(138): Magento\Checkout\Model\GuestPaymentInformationManagement\Interceptor->___callParent('savePaymentInfo...', Array)
#40 /var/www/html/vendor/magento/framework/Interception/Interceptor.php(153): Magento\Checkout\Model\GuestPaymentInformationManagement\Interceptor->Magento\Framework\Interception\{closure}('GZpQqURgb5qtNrK...', 'jarkos@sez.cz', Object(Magento\Quote\Model\Quote\Payment), Object(Magento\Quote\Model\Quote\Address\Interceptor))
#41 /var/www/html/generated/code/Magento/Checkout/Model/GuestPaymentInformationManagement/Interceptor.php(23): Magento\Checkout\Model\GuestPaymentInformationManagement\Interceptor->___callPlugins('savePaymentInfo...', Array, Array)
#42 [internal function]: Magento\Checkout\Model\GuestPaymentInformationManagement\Interceptor->savePaymentInformationAndPlaceOrder('GZpQqURgb5qtNrK...', 'jarkos@sez.cz', Object(Magento\Quote\Model\Quote\Payment), Object(Magento\Quote\Model\Quote\Address\Interceptor))
#43 /var/www/html/vendor/magento/module-webapi/Controller/Rest/SynchronousRequestProcessor.php(95): call_user_func_array(Array, Array)
#44 /var/www/html/vendor/magento/module-webapi/Controller/Rest.php(201): Magento\Webapi\Controller\Rest\SynchronousRequestProcessor->process(Object(Magento\Framework\Webapi\Rest\Request\Proxy))
#45 /var/www/html/vendor/magento/framework/Interception/Interceptor.php(58): Magento\Webapi\Controller\Rest->dispatch(Object(Magento\Framework\App\Request\Http))
#46 /var/www/html/vendor/magento/framework/Interception/Interceptor.php(138): Magento\Webapi\Controller\Rest\Interceptor->___callParent('dispatch', Array)
#47 /var/www/html/vendor/magento/framework/Interception/Interceptor.php(153): Magento\Webapi\Controller\Rest\Interceptor->Magento\Framework\Interception\{closure}(Object(Magento\Framework\App\Request\Http))
#48 /var/www/html/generated/code/Magento/Webapi/Controller/Rest/Interceptor.php(23): Magento\Webapi\Controller\Rest\Interceptor->___callPlugins('dispatch', Array, Array)
#49 /var/www/html/vendor/magento/framework/App/Http.php(116): Magento\Webapi\Controller\Rest\Interceptor->dispatch(Object(Magento\Framework\App\Request\Http))
#50 /var/www/html/vendor/magento/framework/Interception/Interceptor.php(58): Magento\Framework\App\Http->launch()
#51 /var/www/html/vendor/magento/framework/Interception/Interceptor.php(138): Magento\Framework\App\Http\Interceptor->___callParent('launch', Array)
#52 /var/www/html/vendor/magento/module-application-performance-monitor/Plugin/ApplicationPerformanceMonitor.php(38): Magento\Framework\App\Http\Interceptor->Magento\Framework\Interception\{closure}()
#53 /var/www/html/vendor/magento/framework/Interception/Interceptor.php(135): Magento\ApplicationPerformanceMonitor\Plugin\ApplicationPerformanceMonitor->aroundLaunch(Object(Magento\Framework\App\Http\Interceptor), Object(Closure))
#54 /var/www/html/vendor/magento/framework/Interception/Interceptor.php(153): Magento\Framework\App\Http\Interceptor->Magento\Framework\Interception\{closure}()
#55 /var/www/html/generated/code/Magento/Framework/App/Http/Interceptor.php(23): Magento\Framework\App\Http\Interceptor->___callPlugins('launch', Array, NULL)
#56 /var/www/html/vendor/magento/framework/App/Bootstrap.php(264): Magento\Framework\App\Http\Interceptor->launch()
#57 /var/www/html/pub/index.php(30): Magento\Framework\App\Bootstrap->run(Object(Magento\Framework\App\Http\Interceptor))
#58 {main} {"exception":"[object] (Laminas\\Mail\\Transport\\Exception\\RuntimeException(code: 0): Unable to send mail: Unknown error at /var/www/html/vendor/laminas/laminas-mail/src/Transport/Sendmail.php:313)"} []
[2024-11-21T13:12:59.768501+00:00] main.ERROR: Unable to send mail. Please try again later. [] []
[2024-11-21T13:13:08.379249+00:00] main.CRITICAL: Magento\Framework\Exception\NoSuchEntityException: No such entity with cartId =  in /var/www/html/vendor/magento/framework/Exception/NoSuchEntityException.php:50
Stack trace:
#0 /var/www/html/vendor/magento/module-quote/Model/QuoteRepository.php(250): Magento\Framework\Exception\NoSuchEntityException::singleField('cartId', NULL)
#1 /var/www/html/vendor/magento/module-quote/Model/QuoteRepository.php(149): Magento\Quote\Model\QuoteRepository->loadQuote('loadByIdWithout...', 'cartId', NULL, Array)
#2 /var/www/html/vendor/magento/framework/Interception/Interceptor.php(58): Magento\Quote\Model\QuoteRepository->get(NULL, Array)
#3 /var/www/html/vendor/magento/framework/Interception/Interceptor.php(138): Magento\Quote\Model\QuoteRepository\Interceptor->___callParent('get', Array)
#4 /var/www/html/vendor/magento/framework/Interception/Interceptor.php(153): Magento\Quote\Model\QuoteRepository\Interceptor->Magento\Framework\Interception\{closure}(NULL, Array)
#5 /var/www/html/generated/code/Magento/Quote/Model/QuoteRepository/Interceptor.php(23): Magento\Quote\Model\QuoteRepository\Interceptor->___callPlugins('get', Array, Array)
#6 /var/www/html/vendor/magento/module-quote/Model/QuoteRepository.php(181): Magento\Quote\Model\QuoteRepository\Interceptor->get(NULL, Array)
#7 /var/www/html/generated/code/Magento/Quote/Model/QuoteRepository/Interceptor.php(32): Magento\Quote\Model\QuoteRepository->getActive(NULL, Array)
#8 /var/www/html/vendor/magento/module-quote/Model/Quote/Item/Repository.php(79): Magento\Quote\Model\QuoteRepository\Interceptor->getActive(NULL)
#9 /var/www/html/vendor/magento/module-checkout/Model/Cart/ImageProvider.php(76): Magento\Quote\Model\Quote\Item\Repository->getList(NULL)
#10 /var/www/html/vendor/magento/module-checkout/Model/DefaultConfigProvider.php(347): Magento\Checkout\Model\Cart\ImageProvider->getImages(NULL)
#11 /var/www/html/vendor/magento/framework/Interception/Interceptor.php(58): Magento\Checkout\Model\DefaultConfigProvider->getConfig()
#12 /var/www/html/vendor/magento/framework/Interception/Interceptor.php(138): Magento\Checkout\Model\DefaultConfigProvider\Interceptor->___callParent('getConfig', Array)
#13 /var/www/html/vendor/magento/framework/Interception/Interceptor.php(153): Magento\Checkout\Model\DefaultConfigProvider\Interceptor->Magento\Framework\Interception\{closure}()
#14 /var/www/html/generated/code/Magento/Checkout/Model/DefaultConfigProvider/Interceptor.php(23): Magento\Checkout\Model\DefaultConfigProvider\Interceptor->___callPlugins('getConfig', Array, Array)
#15 /var/www/html/vendor/magento/module-checkout/Model/CompositeConfigProvider.php(39): Magento\Checkout\Model\DefaultConfigProvider\Interceptor->getConfig()
#16 /var/www/html/vendor/magento/module-payment-services-paypal/Block/SmartButtons.php(184): Magento\Checkout\Model\CompositeConfigProvider->getConfig()
#17 /var/www/html/vendor/magento/module-payment-services-paypal/view/frontend/templates/smart_buttons_minicart.phtml(16): Magento\PaymentServicesPaypal\Block\SmartButtons->getSerializedCheckoutConfig()
#18 /var/www/html/vendor/magento/framework/View/TemplateEngine/Php.php(67): include('/var/www/html/v...')
#19 /var/www/html/vendor/magento/framework/View/Element/Template.php(263): Magento\Framework\View\TemplateEngine\Php->render(Object(Magento\PaymentServicesPaypal\Block\SmartButtons), '/var/www/html/v...', Array)
#20 /var/www/html/vendor/magento/framework/View/Element/Template.php(293): Magento\Framework\View\Element\Template->fetchView('/var/www/html/v...')
#21 /var/www/html/vendor/magento/framework/View/Element/AbstractBlock.php(1128): Magento\Framework\View\Element\Template->_toHtml()
#22 /var/www/html/vendor/magento/framework/View/Element/AbstractBlock.php(1132): Magento\Framework\View\Element\AbstractBlock->Magento\Framework\View\Element\{closure}()
#23 /var/www/html/vendor/magento/framework/View/Element/AbstractBlock.php(676): Magento\Framework\View\Element\AbstractBlock->_loadCache()
#24 /var/www/html/vendor/magento/framework/View/Layout.php(578): Magento\Framework\View\Element\AbstractBlock->toHtml()
#25 /var/www/html/vendor/magento/framework/View/Layout.php(555): Magento\Framework\View\Layout->_renderBlock('smartbuttons_0')
#26 /var/www/html/vendor/magento/framework/View/Layout.php(510): Magento\Framework\View\Layout->renderNonCachedElement('smartbuttons_0')
#27 /var/www/html/vendor/magento/framework/View/Element/AbstractBlock.php(527): Magento\Framework\View\Layout->renderElement('smartbuttons_0', true)
#28 /var/www/html/vendor/magento/module-catalog/Block/ShortcutButtons.php(100): Magento\Framework\View\Element\AbstractBlock->getChildHtml()
#29 /var/www/html/vendor/magento/framework/View/Element/AbstractBlock.php(1128): Magento\Catalog\Block\ShortcutButtons->_toHtml()
#30 /var/www/html/vendor/magento/framework/View/Element/AbstractBlock.php(1132): Magento\Framework\View\Element\AbstractBlock->Magento\Framework\View\Element\{closure}()
#31 /var/www/html/vendor/magento/framework/View/Element/AbstractBlock.php(676): Magento\Framework\View\Element\AbstractBlock->_loadCache()
#32 /var/www/html/vendor/magento/module-checkout/CustomerData/Cart.php(101): Magento\Framework\View\Element\AbstractBlock->toHtml()
#33 /var/www/html/vendor/magento/framework/Interception/Interceptor.php(58): Magento\Checkout\CustomerData\Cart->getSectionData()
#34 /var/www/html/vendor/magento/framework/Interception/Interceptor.php(138): Magento\Checkout\CustomerData\Cart\Interceptor->___callParent('getSectionData', Array)
#35 /var/www/html/vendor/magento/framework/Interception/Interceptor.php(153): Magento\Checkout\CustomerData\Cart\Interceptor->Magento\Framework\Interception\{closure}()
#36 /var/www/html/generated/code/Magento/Checkout/CustomerData/Cart/Interceptor.php(23): Magento\Checkout\CustomerData\Cart\Interceptor->___callPlugins('getSectionData', Array, Array)
#37 /var/www/html/vendor/magento/module-customer/CustomerData/SectionPool.php(90): Magento\Checkout\CustomerData\Cart\Interceptor->getSectionData()
#38 /var/www/html/vendor/magento/module-customer/CustomerData/SectionPool.php(60): Magento\Customer\CustomerData\SectionPool->getSectionDataByNames(Array)
#39 /var/www/html/vendor/magento/module-customer/Controller/Section/Load.php(81): Magento\Customer\CustomerData\SectionPool->getSectionsData(Array, false)
#40 /var/www/html/vendor/magento/framework/Interception/Interceptor.php(58): Magento\Customer\Controller\Section\Load->execute()
#41 /var/www/html/vendor/magento/framework/Interception/Interceptor.php(138): Magento\Customer\Controller\Section\Load\Interceptor->___callParent('execute', Array)
#42 /var/www/html/vendor/magento/framework/Interception/Interceptor.php(153): Magento\Customer\Controller\Section\Load\Interceptor->Magento\Framework\Interception\{closure}()
#43 /var/www/html/generated/code/Magento/Customer/Controller/Section/Load/Interceptor.php(23): Magento\Customer\Controller\Section\Load\Interceptor->___callPlugins('execute', Array, Array)
#44 /var/www/html/vendor/magento/framework/App/Action/Action.php(111): Magento\Customer\Controller\Section\Load\Interceptor->execute()
#45 /var/www/html/vendor/magento/framework/Interception/Interceptor.php(58): Magento\Framework\App\Action\Action->dispatch(Object(Magento\Framework\App\Request\Http))
#46 /var/www/html/vendor/magento/framework/Interception/Interceptor.php(138): Magento\Customer\Controller\Section\Load\Interceptor->___callParent('dispatch', Array)
#47 /var/www/html/vendor/magento/framework/Interception/Interceptor.php(153): Magento\Customer\Controller\Section\Load\Interceptor->Magento\Framework\Interception\{closure}(Object(Magento\Framework\App\Request\Http))
#48 /var/www/html/generated/code/Magento/Customer/Controller/Section/Load/Interceptor.php(32): Magento\Customer\Controller\Section\Load\Interceptor->___callPlugins('dispatch', Array, Array)
#49 /var/www/html/vendor/magento/framework/App/FrontController.php(245): Magento\Customer\Controller\Section\Load\Interceptor->dispatch(Object(Magento\Framework\App\Request\Http))
#50 /var/www/html/vendor/magento/framework/App/FrontController.php(212): Magento\Framework\App\FrontController->getActionResponse(Object(Magento\Customer\Controller\Section\Load\Interceptor), Object(Magento\Framework\App\Request\Http))
#51 /var/www/html/vendor/magento/framework/App/FrontController.php(147): Magento\Framework\App\FrontController->processRequest(Object(Magento\Framework\App\Request\Http), Object(Magento\Customer\Controller\Section\Load\Interceptor))
#52 /var/www/html/vendor/magento/framework/Interception/Interceptor.php(58): Magento\Framework\App\FrontController->dispatch(Object(Magento\Framework\App\Request\Http))
#53 /var/www/html/vendor/magento/framework/Interception/Interceptor.php(138): Magento\Framework\App\FrontController\Interceptor->___callParent('dispatch', Array)
#54 /var/www/html/vendor/magento/module-store/App/FrontController/Plugin/RequestPreprocessor.php(99): Magento\Framework\App\FrontController\Interceptor->Magento\Framework\Interception\{closure}(Object(Magento\Framework\App\Request\Http))
#55 /var/www/html/vendor/magento/framework/Interception/Interceptor.php(135): Magento\Store\App\FrontController\Plugin\RequestPreprocessor->aroundDispatch(Object(Magento\Framework\App\FrontController\Interceptor), Object(Closure), Object(Magento\Framework\App\Request\Http))
#56 /var/www/html/vendor/magento/module-page-cache/Model/App/FrontController/BuiltinPlugin.php(76): Magento\Framework\App\FrontController\Interceptor->Magento\Framework\Interception\{closure}(Object(Magento\Framework\App\Request\Http))
#57 /var/www/html/vendor/magento/framework/Interception/Interceptor.php(135): Magento\PageCache\Model\App\FrontController\BuiltinPlugin->aroundDispatch(Object(Magento\Framework\App\FrontController\Interceptor), Object(Closure), Object(Magento\Framework\App\Request\Http))
#58 /var/www/html/vendor/magento/framework/Interception/Interceptor.php(153): Magento\Framework\App\FrontController\Interceptor->Magento\Framework\Interception\{closure}(Object(Magento\Framework\App\Request\Http))
#59 /var/www/html/generated/code/Magento/Framework/App/FrontController/Interceptor.php(23): Magento\Framework\App\FrontController\Interceptor->___callPlugins('dispatch', Array, NULL)
#60 /var/www/html/vendor/magento/framework/App/Http.php(116): Magento\Framework\App\FrontController\Interceptor->dispatch(Object(Magento\Framework\App\Request\Http))
#61 /var/www/html/vendor/magento/framework/Interception/Interceptor.php(58): Magento\Framework\App\Http->launch()
#62 /var/www/html/vendor/magento/framework/Interception/Interceptor.php(138): Magento\Framework\App\Http\Interceptor->___callParent('launch', Array)
#63 /var/www/html/vendor/magento/module-application-performance-monitor/Plugin/ApplicationPerformanceMonitor.php(38): Magento\Framework\App\Http\Interceptor->Magento\Framework\Interception\{closure}()
#64 /var/www/html/vendor/magento/framework/Interception/Interceptor.php(135): Magento\ApplicationPerformanceMonitor\Plugin\ApplicationPerformanceMonitor->aroundLaunch(Object(Magento\Framework\App\Http\Interceptor), Object(Closure))
#65 /var/www/html/vendor/magento/framework/Interception/Interceptor.php(153): Magento\Framework\App\Http\Interceptor->Magento\Framework\Interception\{closure}()
#66 /var/www/html/generated/code/Magento/Framework/App/Http/Interceptor.php(23): Magento\Framework\App\Http\Interceptor->___callPlugins('launch', Array, NULL)
#67 /var/www/html/vendor/magento/framework/App/Bootstrap.php(264): Magento\Framework\App\Http\Interceptor->launch()
#68 /var/www/html/pub/index.php(30): Magento\Framework\App\Bootstrap->run(Object(Magento\Framework\App\Http\Interceptor))
#69 {main} {"exception":"[object] (Magento\\Framework\\Exception\\NoSuchEntityException(code: 0): No such entity with cartId =  at /var/www/html/vendor/magento/framework/Exception/NoSuchEntityException.php:50)"} []
[2024-11-21T13:13:41.343876+00:00] main.DEBUG: Item Magento_Backend::system_currency was removed [] []
[2024-11-21T13:13:41.347730+00:00] main.DEBUG: Add of item with id Magento_Config::system_config was processed [] []
[2024-11-21T13:13:41.347823+00:00] main.DEBUG: Add of item with id Magento_AdminNotification::system_adminnotification was processed [] []
[2024-11-21T13:13:41.347865+00:00] main.DEBUG: Add of item with id Magento_Theme::design_config was processed [] []
[2024-11-21T13:13:41.347896+00:00] main.DEBUG: Add of item with id Magento_Theme::system_design_theme was processed [] []
[2024-11-21T13:13:41.347925+00:00] main.DEBUG: Add of item with id Magento_Backend::system_design_schedule was processed [] []
[2024-11-21T13:13:41.347953+00:00] main.DEBUG: Add of item with id Magento_Backend::system_store was processed [] []
[2024-11-21T13:13:41.347981+00:00] main.DEBUG: Add of item with id Magento_Backend::dashboard was processed [] []
[2024-11-21T13:13:41.348009+00:00] main.DEBUG: Add of item with id Magento_Backend::system was processed [] []
[2024-11-21T13:13:41.348043+00:00] main.DEBUG: Add of item with id Magento_Backend::system_tools was processed [] []
[2024-11-21T13:13:41.348077+00:00] main.DEBUG: Add of item with id Magento_Backend::system_design was processed [] []
[2024-11-21T13:13:41.348106+00:00] main.DEBUG: Add of item with id Magento_Backend::system_convert was processed [] []
[2024-11-21T13:13:41.348141+00:00] main.DEBUG: Add of item with id Magento_Backend::system_cache was processed [] []
[2024-11-21T13:13:41.348183+00:00] main.DEBUG: Add of item with id Magento_Backend::marketing was processed [] []
[2024-11-21T13:13:41.348218+00:00] main.DEBUG: Add of item with id Magento_Backend::marketing_communications was processed [] []
[2024-11-21T13:13:41.348246+00:00] main.DEBUG: Add of item with id Magento_Backend::marketing_seo was processed [] []
[2024-11-21T13:13:41.348272+00:00] main.DEBUG: Add of item with id Magento_Backend::marketing_user_content was processed [] []
[2024-11-21T13:13:41.348297+00:00] main.DEBUG: Add of item with id Magento_Backend::content was processed [] []
[2024-11-21T13:13:41.348323+00:00] main.DEBUG: Add of item with id Magento_Backend::content_elements was processed [] []
[2024-11-21T13:13:41.348350+00:00] main.DEBUG: Add of item with id Magento_Backend::stores was processed [] []
[2024-11-21T13:13:41.348381+00:00] main.DEBUG: Add of item with id Magento_Backend::stores_settings was processed [] []
[2024-11-21T13:13:41.348408+00:00] main.DEBUG: Add of item with id Magento_Backend::stores_attributes was processed [] []
[2024-11-21T13:13:41.348434+00:00] main.DEBUG: Add of item with id Magento_Backend::other_settings was processed [] []
[2024-11-21T13:13:41.348459+00:00] main.DEBUG: Add of item with id Magento_Backend::system_other_settings was processed [] []
[2024-11-21T13:13:41.348488+00:00] main.DEBUG: Add of item with id Magento_User::system_acl was processed [] []
[2024-11-21T13:13:41.348522+00:00] main.DEBUG: Add of item with id Magento_User::system_acl_users was processed [] []
[2024-11-21T13:13:41.348549+00:00] main.DEBUG: Add of item with id Magento_User::system_acl_roles was processed [] []
[2024-11-21T13:13:41.348575+00:00] main.DEBUG: Add of item with id Magento_User::system_acl_locks was processed [] []
[2024-11-21T13:13:41.348600+00:00] main.DEBUG: Add of item with id Magento_Customer::customer was processed [] []
[2024-11-21T13:13:41.348632+00:00] main.DEBUG: Add of item with id Magento_Customer::customer_manage was processed [] []
[2024-11-21T13:13:41.348659+00:00] main.DEBUG: Add of item with id Magento_Customer::customer_online was processed [] []
[2024-11-21T13:13:41.348686+00:00] main.DEBUG: Add of item with id Magento_Customer::customer_group was processed [] []
[2024-11-21T13:13:41.348711+00:00] main.DEBUG: Add of item with id Magento_Backup::system_tools_backup was processed [] []
[2024-11-21T13:13:41.348737+00:00] main.DEBUG: Add of item with id Magento_Indexer::system_index was processed [] []
[2024-11-21T13:13:41.348762+00:00] main.DEBUG: Add of item with id Magento_Variable::system_variable was processed [] []
[2024-11-21T13:13:41.348796+00:00] main.DEBUG: Add of item with id Magento_Cms::cms_page was processed [] []
[2024-11-21T13:13:41.348824+00:00] main.DEBUG: Add of item with id Magento_Cms::cms_block was processed [] []
[2024-11-21T13:13:41.348850+00:00] main.DEBUG: Add of item with id Magento_Integration::system_extensions was processed [] []
[2024-11-21T13:13:41.348881+00:00] main.DEBUG: Add of item with id Magento_Integration::system_integrations was processed [] []
[2024-11-21T13:13:41.348913+00:00] main.DEBUG: Add of item with id Magento_Search::search_terms was processed [] []
[2024-11-21T13:13:41.348941+00:00] main.DEBUG: Add of item with id Magento_Search::search_synonyms was processed [] []
[2024-11-21T13:13:41.348966+00:00] main.DEBUG: Add of item with id Magento_Catalog::catalog was processed [] []
[2024-11-21T13:13:41.348997+00:00] main.DEBUG: Add of item with id Magento_Catalog::catalog_products was processed [] []
[2024-11-21T13:13:41.349024+00:00] main.DEBUG: Add of item with id Magento_Catalog::catalog_categories was processed [] []
[2024-11-21T13:13:41.349055+00:00] main.DEBUG: Add of item with id Magento_Catalog::catalog_attributes_attributes was processed [] []
[2024-11-21T13:13:41.349083+00:00] main.DEBUG: Add of item with id Magento_Catalog::catalog_attributes_sets was processed [] []
[2024-11-21T13:13:41.349114+00:00] main.DEBUG: Add of item with id Magento_Catalog::inventory was processed [] []
[2024-11-21T13:13:41.349150+00:00] main.DEBUG: Add of item with id Magento_CatalogRule::promo was processed [] []
[2024-11-21T13:13:41.349183+00:00] main.DEBUG: Add of item with id Magento_CatalogRule::promo_catalog was processed [] []
[2024-11-21T13:13:41.349211+00:00] main.DEBUG: Add of item with id Magento_MediaGalleryUi::media was processed [] []
[2024-11-21T13:13:41.349241+00:00] main.DEBUG: Add of item with id Magento_MediaGalleryUi::media_gallery was processed [] []
[2024-11-21T13:13:41.349269+00:00] main.DEBUG: Add of item with id Magento_Sales::sales was processed [] []
[2024-11-21T13:13:41.349300+00:00] main.DEBUG: Add of item with id Magento_Sales::sales_operation was processed [] []
[2024-11-21T13:13:41.349331+00:00] main.DEBUG: Add of item with id Magento_Sales::sales_order was processed [] []
[2024-11-21T13:13:41.349359+00:00] main.DEBUG: Add of item with id Magento_Sales::sales_invoice was processed [] []
[2024-11-21T13:13:41.349384+00:00] main.DEBUG: Add of item with id Magento_Sales::sales_shipment was processed [] []
[2024-11-21T13:13:41.349410+00:00] main.DEBUG: Add of item with id Magento_Sales::sales_creditmemo was processed [] []
[2024-11-21T13:13:41.349435+00:00] main.DEBUG: Add of item with id Magento_Sales::sales_transactions was processed [] []
[2024-11-21T13:13:41.349461+00:00] main.DEBUG: Add of item with id Magento_Sales::system_order_statuses was processed [] []
[2024-11-21T13:13:41.349486+00:00] main.DEBUG: Add of item with id Magento_Widget::cms_widget_instance was processed [] []
[2024-11-21T13:13:41.349517+00:00] main.DEBUG: Add of item with id Magento_Analytics::business_intelligence was processed [] []
[2024-11-21T13:13:41.349549+00:00] main.DEBUG: Add of item with id Magento_Analytics::advanced_reporting was processed [] []
[2024-11-21T13:13:41.349577+00:00] main.DEBUG: Add of item with id Magento_Analytics::bi_essentials was processed [] []
[2024-11-21T13:13:41.349608+00:00] main.DEBUG: Add of item with id Magento_Downloadable::report_products_downloads was processed [] []
[2024-11-21T13:13:41.349640+00:00] main.DEBUG: Add of item with id Magento_Newsletter::newsletter_template was processed [] []
[2024-11-21T13:13:41.349667+00:00] main.DEBUG: Add of item with id Magento_Newsletter::newsletter_queue was processed [] []
[2024-11-21T13:13:41.349693+00:00] main.DEBUG: Add of item with id Magento_Newsletter::newsletter_subscriber was processed [] []
[2024-11-21T13:13:41.349724+00:00] main.DEBUG: Add of item with id Magento_Newsletter::newsletter_problem was processed [] []
[2024-11-21T13:13:41.349755+00:00] main.DEBUG: Add of item with id Magento_ImportExport::system_convert_import was processed [] []
[2024-11-21T13:13:41.349786+00:00] main.DEBUG: Add of item with id Magento_ImportExport::system_convert_export was processed [] []
[2024-11-21T13:13:41.349811+00:00] main.DEBUG: Add of item with id Magento_ImportExport::system_convert_history was processed [] []
[2024-11-21T13:13:41.349837+00:00] main.DEBUG: Add of item with id Magento_Email::template was processed [] []
[2024-11-21T13:13:41.349863+00:00] main.DEBUG: Add of item with id Magento_EncryptionKey::system_crypt_key was processed [] []
[2024-11-21T13:13:41.349889+00:00] main.DEBUG: Add of item with id Magento_InventoryAdminUi::inventory was processed [] []
[2024-11-21T13:13:41.349919+00:00] main.DEBUG: Add of item with id Magento_InventoryAdminUi::source was processed [] []
[2024-11-21T13:13:41.349946+00:00] main.DEBUG: Add of item with id Magento_InventoryAdminUi::stock was processed [] []
[2024-11-21T13:13:41.349971+00:00] main.DEBUG: Add of item with id Magento_Reports::report was processed [] []
[2024-11-21T13:13:41.349997+00:00] main.DEBUG: Add of item with id Magento_Reports::report_marketing was processed [] []
[2024-11-21T13:13:41.350022+00:00] main.DEBUG: Add of item with id Magento_Reports::report_salesroot was processed [] []
[2024-11-21T13:13:41.350052+00:00] main.DEBUG: Add of item with id Magento_Reports::report_salesroot_sales was processed [] []
[2024-11-21T13:13:41.350080+00:00] main.DEBUG: Add of item with id Magento_Reports::report_salesroot_tax was processed [] []
[2024-11-21T13:13:41.350114+00:00] main.DEBUG: Add of item with id Magento_Reports::report_salesroot_invoiced was processed [] []
[2024-11-21T13:13:41.350140+00:00] main.DEBUG: Add of item with id Magento_Reports::report_salesroot_shipping was processed [] []
[2024-11-21T13:13:41.350166+00:00] main.DEBUG: Add of item with id Magento_Reports::report_salesroot_refunded was processed [] []
[2024-11-21T13:13:41.350192+00:00] main.DEBUG: Add of item with id Magento_Reports::report_salesroot_coupons was processed [] []
[2024-11-21T13:13:41.350216+00:00] main.DEBUG: Add of item with id Magento_Reports::report_shopcart_product was processed [] []
[2024-11-21T13:13:41.350241+00:00] main.DEBUG: Add of item with id Magento_Reports::report_shopcart_abandoned was processed [] []
[2024-11-21T13:13:41.350266+00:00] main.DEBUG: Add of item with id Magento_Reports::report_products was processed [] []
[2024-11-21T13:13:41.350291+00:00] main.DEBUG: Add of item with id Magento_Reports::report_products_bestsellers was processed [] []
[2024-11-21T13:13:41.350315+00:00] main.DEBUG: Add of item with id Magento_Reports::report_products_sold was processed [] []
[2024-11-21T13:13:41.350340+00:00] main.DEBUG: Add of item with id Magento_Reports::report_products_viewed was processed [] []
[2024-11-21T13:13:41.350371+00:00] main.DEBUG: Add of item with id Magento_Reports::report_products_lowstock was processed [] []
[2024-11-21T13:13:41.350396+00:00] main.DEBUG: Add of item with id Magento_Reports::report_customers was processed [] []
[2024-11-21T13:13:41.350426+00:00] main.DEBUG: Add of item with id Magento_Reports::report_customers_accounts was processed [] []
[2024-11-21T13:13:41.350453+00:00] main.DEBUG: Add of item with id Magento_Reports::report_customers_totals was processed [] []
[2024-11-21T13:13:41.350479+00:00] main.DEBUG: Add of item with id Magento_Reports::report_customers_orders was processed [] []
[2024-11-21T13:13:41.350504+00:00] main.DEBUG: Add of item with id Magento_Reports::report_statistics was processed [] []
[2024-11-21T13:13:41.350535+00:00] main.DEBUG: Add of item with id Magento_Reports::report_statistics_refresh was processed [] []
[2024-11-21T13:13:41.350563+00:00] main.DEBUG: Add of item with id Magento_Search::report_search_term was processed [] []
[2024-11-21T13:13:41.350589+00:00] main.DEBUG: Add of item with id Magento_LoginAsCustomerLog::login_log was processed [] []
[2024-11-21T13:13:41.350615+00:00] main.DEBUG: Add of item with id Magento_Marketplace::partners was processed [] []
[2024-11-21T13:13:41.350641+00:00] main.DEBUG: Add of item with id Magento_SalesRule::promo_quote was processed [] []
[2024-11-21T13:13:41.350666+00:00] main.DEBUG: Add of item with id Magento_Sitemap::catalog_sitemap was processed [] []
[2024-11-21T13:13:41.350692+00:00] main.DEBUG: Add of item with id Magento_PageBuilder::templates was processed [] []
[2024-11-21T13:13:41.350717+00:00] main.DEBUG: Add of item with id Magento_PaymentServicesDashboard::paymentservicesdashboard was processed [] []
[2024-11-21T13:13:41.350743+00:00] main.DEBUG: Add of item with id Magento_Paypal::report_salesroot_paypal_settlement_reports was processed [] []
[2024-11-21T13:13:41.350769+00:00] main.DEBUG: Add of item with id Magento_Paypal::paypal_billing_agreement was processed [] []
[2024-11-21T13:13:41.350794+00:00] main.DEBUG: Add of item with id Magento_CheckoutAgreements::sales_checkoutagreement was processed [] []
[2024-11-21T13:13:41.350821+00:00] main.DEBUG: Add of item with id Magento_Review::catalog_reviews_ratings_ratings was processed [] []
[2024-11-21T13:13:41.350855+00:00] main.DEBUG: Add of item with id Magento_Review::catalog_reviews_ratings_pending was processed [] []
[2024-11-21T13:13:41.350883+00:00] main.DEBUG: Add of item with id Magento_Review::catalog_reviews_ratings_reviews_all was processed [] []
[2024-11-21T13:13:41.350909+00:00] main.DEBUG: Add of item with id Magento_Review::report_review was processed [] []
[2024-11-21T13:13:41.350940+00:00] main.DEBUG: Add of item with id Magento_Review::report_review_customer was processed [] []
[2024-11-21T13:13:41.350974+00:00] main.DEBUG: Add of item with id Magento_Review::report_review_product was processed [] []
[2024-11-21T13:13:41.351001+00:00] main.DEBUG: Add of item with id Magento_ServicesId::configuration was processed [] []
[2024-11-21T13:13:41.351032+00:00] main.DEBUG: Add of item with id Magento_ServicesId::services_id was processed [] []
[2024-11-21T13:13:41.351059+00:00] main.DEBUG: Add of item with id Magento_UrlRewrite::urlrewrite was processed [] []
[2024-11-21T13:13:41.351085+00:00] main.DEBUG: Add of item with id Magento_Tax::sales_tax was processed [] []
[2024-11-21T13:13:41.351116+00:00] main.DEBUG: Add of item with id Magento_Tax::sales_tax_rules was processed [] []
[2024-11-21T13:13:41.351143+00:00] main.DEBUG: Add of item with id Magento_Tax::sales_tax_rates was processed [] []
[2024-11-21T13:13:41.351169+00:00] main.DEBUG: Add of item with id Magento_TaxImportExport::system_convert_tax was processed [] []
[2024-11-21T13:13:41.351195+00:00] main.DEBUG: Add of item with id Magento_AsynchronousOperations::system_magento_logging was processed [] []
[2024-11-21T13:13:41.351226+00:00] main.DEBUG: Add of item with id Magento_AsynchronousOperations::system_magento_logging_bulk_operations was processed [] []
[2024-11-21T13:13:41.351254+00:00] main.DEBUG: Add of item with id Magento_CurrencySymbol::system_currency was processed [] []
[2024-11-21T13:13:41.351285+00:00] main.DEBUG: Add of item with id Magento_CurrencySymbol::system_currency_rates was processed [] []
[2024-11-21T13:13:41.351312+00:00] main.DEBUG: Add of item with id Magento_CurrencySymbol::system_currency_symbols was processed [] []
[2024-11-21T13:13:41.351338+00:00] main.DEBUG: Add of item with id PayPal_Braintree::settlement_report was processed [] []
[2024-11-21T13:13:41.351363+00:00] main.DEBUG: Add of item with id PayPal_Braintree::virtual_terminal was processed [] []
[2024-11-21T13:13:41.351389+00:00] main.DEBUG: Add of item with id Test_Module::page was processed [] []
[2024-11-21T13:17:08.372557+00:00] main.DEBUG: cache_invalidate:  {"method":"POST","url":"http://localhost:8080/admin/catalog/product/save/id/1/type/simple/store/0/set/4/key/5b3bc45eab6ae9bacb80f7ddc2236c8ab4f2981abefc16536c60cdca5745d8b6/back/edit","invalidateInfo":{"tags":["cat_p_1"],"mode":"matchingAnyTag"}} []
[2024-11-21T13:17:08.373026+00:00] main.DEBUG: cache_invalidate:  {"method":"POST","url":"http://localhost:8080/admin/catalog/product/save/id/1/type/simple/store/0/set/4/key/5b3bc45eab6ae9bacb80f7ddc2236c8ab4f2981abefc16536c60cdca5745d8b6/back/edit","invalidateInfo":{"tags":["gql_media_gallery_1","GRAPHQL_QUERY_RESOLVER_RESULT"],"mode":"matchingTag"}} []
[2024-11-21T13:17:08.391622+00:00] main.DEBUG: cache_invalidate:  {"method":"POST","url":"http://localhost:8080/admin/catalog/product/save/id/1/type/simple/store/0/set/4/key/5b3bc45eab6ae9bacb80f7ddc2236c8ab4f2981abefc16536c60cdca5745d8b6/back/edit","invalidateInfo":{"tags":["cat_p_1","FPC"],"mode":"matchingTag"}} []
[2024-11-21T13:17:08.453048+00:00] main.DEBUG: cache_invalidate:  {"method":"POST","url":"http://localhost:8080/admin/catalog/product/save/id/1/type/simple/store/0/set/4/key/5b3bc45eab6ae9bacb80f7ddc2236c8ab4f2981abefc16536c60cdca5745d8b6/back/edit","invalidateInfo":{"tags":["cat_p_1","FPC"],"mode":"matchingTag"}} []
[2024-11-21T13:17:08.633155+00:00] main.DEBUG: cache_invalidate:  {"method":"POST","url":"http://localhost:8080/admin/catalog/product/save/id/1/type/simple/store/0/set/4/key/5b3bc45eab6ae9bacb80f7ddc2236c8ab4f2981abefc16536c60cdca5745d8b6/back/edit","invalidateInfo":{"tags":["cat_p_1","FPC"],"mode":"matchingTag"}} []
[2024-11-21T13:17:08.634016+00:00] main.DEBUG: cache_invalidate:  {"method":"POST","url":"http://localhost:8080/admin/catalog/product/save/id/1/type/simple/store/0/set/4/key/5b3bc45eab6ae9bacb80f7ddc2236c8ab4f2981abefc16536c60cdca5745d8b6/back/edit","invalidateInfo":{"tags":["cat_p_1","FPC"],"mode":"matchingTag"}} []
[2024-11-21T13:17:08.740557+00:00] main.DEBUG: cache_invalidate:  {"method":"POST","url":"http://localhost:8080/admin/catalog/product/save/id/1/type/simple/store/0/set/4/key/5b3bc45eab6ae9bacb80f7ddc2236c8ab4f2981abefc16536c60cdca5745d8b6/back/edit","invalidateInfo":{"tags":["cat_p_1"],"mode":"matchingAnyTag"}} []
[2024-11-21T13:17:08.743166+00:00] main.DEBUG: cache_invalidate:  {"method":"POST","url":"http://localhost:8080/admin/catalog/product/save/id/1/type/simple/store/0/set/4/key/5b3bc45eab6ae9bacb80f7ddc2236c8ab4f2981abefc16536c60cdca5745d8b6/back/edit","invalidateInfo":{"tags":["cat_p_1"],"mode":"matchingAnyTag"}} []
